-------------------------------------------------------------------------------
Test set: control.expenses.ApplicationTests
-------------------------------------------------------------------------------
Tests run: 13, Failures: 0, Errors: 8, Skipped: 0, Time elapsed: 16.378 s <<< FAILURE! - in control.expenses.ApplicationTests
insertExpense  Time elapsed: 0.328 s  <<< ERROR!
java.util.NoSuchElementException: No value present
	at control.expenses.ApplicationTests.insertExpense(ApplicationTests.java:108)

allExpenses  Time elapsed: 0 s  <<< ERROR!
java.util.NoSuchElementException: No value present
	at control.expenses.ApplicationTests.allExpenses(ApplicationTests.java:169)

expense  Time elapsed: 0.016 s  <<< ERROR!
java.util.NoSuchElementException: No value present
	at control.expenses.ApplicationTests.expense(ApplicationTests.java:120)

insertUserWithExpense  Time elapsed: 0.015 s  <<< ERROR!
java.util.NoSuchElementException: No value present
	at control.expenses.ApplicationTests.insertUserWithExpense(ApplicationTests.java:134)

removeExpense  Time elapsed: 0 s  <<< ERROR!
java.util.NoSuchElementException: No value present
	at control.expenses.ApplicationTests.removeExpense(ApplicationTests.java:161)

removeUser  Time elapsed: 0 s  <<< ERROR!
java.util.NoSuchElementException: No value present
	at control.expenses.ApplicationTests.removeUser(ApplicationTests.java:72)

updateExpense  Time elapsed: 0 s  <<< ERROR!
java.util.NoSuchElementException: No value present
	at control.expenses.ApplicationTests.updateExpense(ApplicationTests.java:151)

showExpenseForCategory  Time elapsed: 0.016 s  <<< ERROR!
java.util.NoSuchElementException: No value present
	at control.expenses.ApplicationTests.showExpenseForCategory(ApplicationTests.java:202)

